<?xml version="1.0" encoding="UTF-8"?>
<testng-results skipped="0" failed="0" total="3" passed="3">
  <reporter-output>
    <line>
      <![CDATA[About to begin executing Suite Suite]]>
    </line>
    <line>
      <![CDATA[About to begin executing Test FirefoxTest]]>
    </line>
    <line>
      <![CDATA[About to begin executing following method : LoginTest.beforeTest]]>
    </line>
    <line>
      <![CDATA[Completed executing following method : LoginTest.beforeTest]]>
    </line>
    <line>
      <![CDATA[About to begin executing following method : LoginTest.loginTest]]>
    </line>
    <line>
      <![CDATA[Completed executing following method : LoginTest.loginTest]]>
    </line>
    <line>
      <![CDATA[Test Method resides in com.Astegic.TestCases.LoginTest]]>
    </line>
    <line>
      <![CDATA[Test Status: Pass]]>
    </line>
    <line>
      <![CDATA[About to begin executing following method : LoginTest.afterTest]]>
    </line>
    <line>
      <![CDATA[Completed executing following method : LoginTest.afterTest]]>
    </line>
    <line>
      <![CDATA[Completed executing test FirefoxTest]]>
    </line>
    <line>
      <![CDATA[About to begin executing Test IETest]]>
    </line>
    <line>
      <![CDATA[About to begin executing following method : LoginTest.beforeTest]]>
    </line>
    <line>
      <![CDATA[Completed executing following method : LoginTest.beforeTest]]>
    </line>
    <line>
      <![CDATA[About to begin executing following method : LoginTest.loginTest]]>
    </line>
    <line>
      <![CDATA[Completed executing following method : LoginTest.loginTest]]>
    </line>
    <line>
      <![CDATA[Test Method resides in com.Astegic.TestCases.LoginTest]]>
    </line>
    <line>
      <![CDATA[Test Status: Pass]]>
    </line>
    <line>
      <![CDATA[About to begin executing following method : LoginTest.afterTest]]>
    </line>
    <line>
      <![CDATA[Completed executing following method : LoginTest.afterTest]]>
    </line>
    <line>
      <![CDATA[Completed executing test IETest]]>
    </line>
    <line>
      <![CDATA[About to begin executing Test ChromeTest]]>
    </line>
    <line>
      <![CDATA[About to begin executing following method : LoginTest.beforeTest]]>
    </line>
    <line>
      <![CDATA[Completed executing following method : LoginTest.beforeTest]]>
    </line>
    <line>
      <![CDATA[About to begin executing following method : LoginTest.loginTest]]>
    </line>
    <line>
      <![CDATA[Completed executing following method : LoginTest.loginTest]]>
    </line>
    <line>
      <![CDATA[Test Method resides in com.Astegic.TestCases.LoginTest]]>
    </line>
    <line>
      <![CDATA[Test Status: Pass]]>
    </line>
    <line>
      <![CDATA[About to begin executing following method : LoginTest.afterTest]]>
    </line>
    <line>
      <![CDATA[Completed executing following method : LoginTest.afterTest]]>
    </line>
  </reporter-output>
  <suite name="Suite" duration-ms="95860" started-at="2016-05-27T07:03:45Z" finished-at="2016-05-27T07:05:21Z">
    <groups>
    </groups>
    <test name="FirefoxTest" duration-ms="32020" started-at="2016-05-27T07:03:45Z" finished-at="2016-05-27T07:04:17Z">
      <class name="com.Astegic.TestCases.LoginTest">
        <test-method status="PASS" signature="beforeTest(java.lang.String)[pri:0, instance:com.Astegic.TestCases.LoginTest@1e643faf]" name="beforeTest" is-config="true" duration-ms="17224" started-at="2016-05-27T12:33:45Z" finished-at="2016-05-27T12:34:02Z">
          <params>
            <param index="0">
              <value>
                <![CDATA[firefox]]>
              </value>
            </param>
          </params>
          <reporter-output>
            <line>
              <![CDATA[Completed executing following method : LoginTest.beforeTest]]>
            </line>
          </reporter-output>
        </test-method> <!-- beforeTest -->
        <test-method status="PASS" signature="loginTest()[pri:0, instance:com.Astegic.TestCases.LoginTest@1e643faf]" name="loginTest" duration-ms="12619" started-at="2016-05-27T12:34:02Z" finished-at="2016-05-27T12:34:15Z">
          <reporter-output>
            <line>
              <![CDATA[Completed executing following method : LoginTest.loginTest]]>
            </line>
            <line>
              <![CDATA[Test Method resides in com.Astegic.TestCases.LoginTest]]>
            </line>
            <line>
              <![CDATA[Test Status: Pass]]>
            </line>
          </reporter-output>
        </test-method> <!-- loginTest -->
        <test-method status="PASS" signature="afterTest()[pri:0, instance:com.Astegic.TestCases.LoginTest@1e643faf]" name="afterTest" is-config="true" duration-ms="2159" started-at="2016-05-27T12:34:15Z" finished-at="2016-05-27T12:34:17Z">
          <reporter-output>
            <line>
              <![CDATA[Completed executing following method : LoginTest.afterTest]]>
            </line>
          </reporter-output>
        </test-method> <!-- afterTest -->
      </class> <!-- com.Astegic.TestCases.LoginTest -->
    </test> <!-- FirefoxTest -->
    <test name="IETest" duration-ms="17749" started-at="2016-05-27T07:04:17Z" finished-at="2016-05-27T07:04:35Z">
      <class name="com.Astegic.TestCases.LoginTest">
        <test-method status="PASS" signature="beforeTest(java.lang.String)[pri:0, instance:com.Astegic.TestCases.LoginTest@1a407d53]" name="beforeTest" is-config="true" duration-ms="7569" started-at="2016-05-27T12:34:17Z" finished-at="2016-05-27T12:34:25Z">
          <params>
            <param index="0">
              <value>
                <![CDATA[ie]]>
              </value>
            </param>
          </params>
          <reporter-output>
            <line>
              <![CDATA[Completed executing following method : LoginTest.beforeTest]]>
            </line>
          </reporter-output>
        </test-method> <!-- beforeTest -->
        <test-method status="PASS" signature="loginTest()[pri:0, instance:com.Astegic.TestCases.LoginTest@1a407d53]" name="loginTest" duration-ms="9229" started-at="2016-05-27T12:34:25Z" finished-at="2016-05-27T12:34:34Z">
          <reporter-output>
            <line>
              <![CDATA[Completed executing following method : LoginTest.loginTest]]>
            </line>
            <line>
              <![CDATA[Test Method resides in com.Astegic.TestCases.LoginTest]]>
            </line>
            <line>
              <![CDATA[Test Status: Pass]]>
            </line>
          </reporter-output>
        </test-method> <!-- loginTest -->
        <test-method status="PASS" signature="afterTest()[pri:0, instance:com.Astegic.TestCases.LoginTest@1a407d53]" name="afterTest" is-config="true" duration-ms="951" started-at="2016-05-27T12:34:34Z" finished-at="2016-05-27T12:34:35Z">
          <reporter-output>
            <line>
              <![CDATA[Completed executing following method : LoginTest.afterTest]]>
            </line>
          </reporter-output>
        </test-method> <!-- afterTest -->
      </class> <!-- com.Astegic.TestCases.LoginTest -->
    </test> <!-- IETest -->
    <test name="ChromeTest" duration-ms="45940" started-at="2016-05-27T07:04:35Z" finished-at="2016-05-27T07:05:21Z">
      <class name="com.Astegic.TestCases.LoginTest">
        <test-method status="PASS" signature="beforeTest(java.lang.String)[pri:0, instance:com.Astegic.TestCases.LoginTest@7a5d012c]" name="beforeTest" is-config="true" duration-ms="30474" started-at="2016-05-27T12:34:35Z" finished-at="2016-05-27T12:35:05Z">
          <params>
            <param index="0">
              <value>
                <![CDATA[chrome]]>
              </value>
            </param>
          </params>
          <reporter-output>
            <line>
              <![CDATA[Completed executing following method : LoginTest.beforeTest]]>
            </line>
          </reporter-output>
        </test-method> <!-- beforeTest -->
        <test-method status="PASS" signature="loginTest()[pri:0, instance:com.Astegic.TestCases.LoginTest@7a5d012c]" name="loginTest" duration-ms="14765" started-at="2016-05-27T12:35:05Z" finished-at="2016-05-27T12:35:20Z">
          <reporter-output>
            <line>
              <![CDATA[Completed executing following method : LoginTest.loginTest]]>
            </line>
            <line>
              <![CDATA[Test Method resides in com.Astegic.TestCases.LoginTest]]>
            </line>
            <line>
              <![CDATA[Test Status: Pass]]>
            </line>
          </reporter-output>
        </test-method> <!-- loginTest -->
        <test-method status="PASS" signature="afterTest()[pri:0, instance:com.Astegic.TestCases.LoginTest@7a5d012c]" name="afterTest" is-config="true" duration-ms="700" started-at="2016-05-27T12:35:20Z" finished-at="2016-05-27T12:35:21Z">
          <reporter-output>
            <line>
              <![CDATA[Completed executing following method : LoginTest.afterTest]]>
            </line>
          </reporter-output>
        </test-method> <!-- afterTest -->
      </class> <!-- com.Astegic.TestCases.LoginTest -->
    </test> <!-- ChromeTest -->
  </suite> <!-- Suite -->
</testng-results>
