<?xml version="1.0" encoding="UTF-8"?>
<testng-results skipped="0" failed="0" total="3" passed="3">
  <reporter-output>
    <line>
      <![CDATA[About to begin executing Suite Suite]]>
    </line>
    <line>
      <![CDATA[About to begin executing Test FirefoxTest]]>
    </line>
    <line>
      <![CDATA[About to begin executing following method : LoginTest.beforeTest]]>
    </line>
    <line>
      <![CDATA[Completed executing following method : LoginTest.beforeTest]]>
    </line>
    <line>
      <![CDATA[About to begin executing following method : LoginTest.loginTest]]>
    </line>
    <line>
      <![CDATA[Completed executing following method : LoginTest.loginTest]]>
    </line>
    <line>
      <![CDATA[Test Method resides in com.Astegic.TestCases.LoginTest]]>
    </line>
    <line>
      <![CDATA[Test Status: Pass]]>
    </line>
    <line>
      <![CDATA[About to begin executing following method : LoginTest.afterTest]]>
    </line>
    <line>
      <![CDATA[Completed executing following method : LoginTest.afterTest]]>
    </line>
    <line>
      <![CDATA[Completed executing test FirefoxTest]]>
    </line>
    <line>
      <![CDATA[About to begin executing Test IETest]]>
    </line>
    <line>
      <![CDATA[About to begin executing following method : LoginTest.beforeTest]]>
    </line>
    <line>
      <![CDATA[Completed executing following method : LoginTest.beforeTest]]>
    </line>
    <line>
      <![CDATA[About to begin executing following method : LoginTest.loginTest]]>
    </line>
    <line>
      <![CDATA[Completed executing following method : LoginTest.loginTest]]>
    </line>
    <line>
      <![CDATA[Test Method resides in com.Astegic.TestCases.LoginTest]]>
    </line>
    <line>
      <![CDATA[Test Status: Pass]]>
    </line>
    <line>
      <![CDATA[About to begin executing following method : LoginTest.afterTest]]>
    </line>
    <line>
      <![CDATA[Completed executing following method : LoginTest.afterTest]]>
    </line>
    <line>
      <![CDATA[Completed executing test IETest]]>
    </line>
    <line>
      <![CDATA[About to begin executing Test ChromeTest]]>
    </line>
    <line>
      <![CDATA[About to begin executing following method : LoginTest.beforeTest]]>
    </line>
    <line>
      <![CDATA[Completed executing following method : LoginTest.beforeTest]]>
    </line>
    <line>
      <![CDATA[About to begin executing following method : LoginTest.loginTest]]>
    </line>
    <line>
      <![CDATA[Completed executing following method : LoginTest.loginTest]]>
    </line>
    <line>
      <![CDATA[Test Method resides in com.Astegic.TestCases.LoginTest]]>
    </line>
    <line>
      <![CDATA[Test Status: Pass]]>
    </line>
    <line>
      <![CDATA[About to begin executing following method : LoginTest.afterTest]]>
    </line>
    <line>
      <![CDATA[Completed executing following method : LoginTest.afterTest]]>
    </line>
  </reporter-output>
  <suite name="Suite" duration-ms="87765" started-at="2016-05-27T05:50:03Z" finished-at="2016-05-27T05:51:31Z">
    <groups>
    </groups>
    <test name="FirefoxTest" duration-ms="49475" started-at="2016-05-27T05:50:03Z" finished-at="2016-05-27T05:50:53Z">
      <class name="com.Astegic.TestCases.LoginTest">
        <test-method status="PASS" signature="beforeTest(java.lang.String)[pri:0, instance:com.Astegic.TestCases.LoginTest@1e643faf]" name="beforeTest" is-config="true" duration-ms="8920" started-at="2016-05-27T11:20:03Z" finished-at="2016-05-27T11:20:12Z">
          <params>
            <param index="0">
              <value>
                <![CDATA[firefox]]>
              </value>
            </param>
          </params>
          <reporter-output>
            <line>
              <![CDATA[Completed executing following method : LoginTest.beforeTest]]>
            </line>
          </reporter-output>
        </test-method> <!-- beforeTest -->
        <test-method status="PASS" signature="loginTest()[pri:0, instance:com.Astegic.TestCases.LoginTest@1e643faf]" name="loginTest" duration-ms="39703" started-at="2016-05-27T11:20:12Z" finished-at="2016-05-27T11:20:52Z">
          <reporter-output>
            <line>
              <![CDATA[Completed executing following method : LoginTest.loginTest]]>
            </line>
            <line>
              <![CDATA[Test Method resides in com.Astegic.TestCases.LoginTest]]>
            </line>
            <line>
              <![CDATA[Test Status: Pass]]>
            </line>
          </reporter-output>
        </test-method> <!-- loginTest -->
        <test-method status="PASS" signature="afterTest()[pri:0, instance:com.Astegic.TestCases.LoginTest@1e643faf]" name="afterTest" is-config="true" duration-ms="842" started-at="2016-05-27T11:20:52Z" finished-at="2016-05-27T11:20:53Z">
          <reporter-output>
            <line>
              <![CDATA[Completed executing following method : LoginTest.afterTest]]>
            </line>
          </reporter-output>
        </test-method> <!-- afterTest -->
      </class> <!-- com.Astegic.TestCases.LoginTest -->
    </test> <!-- FirefoxTest -->
    <test name="IETest" duration-ms="19261" started-at="2016-05-27T05:50:53Z" finished-at="2016-05-27T05:51:12Z">
      <class name="com.Astegic.TestCases.LoginTest">
        <test-method status="PASS" signature="beforeTest(java.lang.String)[pri:0, instance:com.Astegic.TestCases.LoginTest@1a407d53]" name="beforeTest" is-config="true" duration-ms="4301" started-at="2016-05-27T11:20:53Z" finished-at="2016-05-27T11:20:57Z">
          <params>
            <param index="0">
              <value>
                <![CDATA[ie]]>
              </value>
            </param>
          </params>
          <reporter-output>
            <line>
              <![CDATA[Completed executing following method : LoginTest.beforeTest]]>
            </line>
          </reporter-output>
        </test-method> <!-- beforeTest -->
        <test-method status="PASS" signature="loginTest()[pri:0, instance:com.Astegic.TestCases.LoginTest@1a407d53]" name="loginTest" duration-ms="14249" started-at="2016-05-27T11:20:57Z" finished-at="2016-05-27T11:21:12Z">
          <reporter-output>
            <line>
              <![CDATA[Completed executing following method : LoginTest.loginTest]]>
            </line>
            <line>
              <![CDATA[Test Method resides in com.Astegic.TestCases.LoginTest]]>
            </line>
            <line>
              <![CDATA[Test Status: Pass]]>
            </line>
          </reporter-output>
        </test-method> <!-- loginTest -->
        <test-method status="PASS" signature="afterTest()[pri:0, instance:com.Astegic.TestCases.LoginTest@1a407d53]" name="afterTest" is-config="true" duration-ms="711" started-at="2016-05-27T11:21:12Z" finished-at="2016-05-27T11:21:12Z">
          <reporter-output>
            <line>
              <![CDATA[Completed executing following method : LoginTest.afterTest]]>
            </line>
          </reporter-output>
        </test-method> <!-- afterTest -->
      </class> <!-- com.Astegic.TestCases.LoginTest -->
    </test> <!-- IETest -->
    <test name="ChromeTest" duration-ms="19009" started-at="2016-05-27T05:51:12Z" finished-at="2016-05-27T05:51:31Z">
      <class name="com.Astegic.TestCases.LoginTest">
        <test-method status="PASS" signature="beforeTest(java.lang.String)[pri:0, instance:com.Astegic.TestCases.LoginTest@7a5d012c]" name="beforeTest" is-config="true" duration-ms="8083" started-at="2016-05-27T11:21:12Z" finished-at="2016-05-27T11:21:20Z">
          <params>
            <param index="0">
              <value>
                <![CDATA[chrome]]>
              </value>
            </param>
          </params>
          <reporter-output>
            <line>
              <![CDATA[Completed executing following method : LoginTest.beforeTest]]>
            </line>
          </reporter-output>
        </test-method> <!-- beforeTest -->
        <test-method status="PASS" signature="loginTest()[pri:0, instance:com.Astegic.TestCases.LoginTest@7a5d012c]" name="loginTest" duration-ms="10182" started-at="2016-05-27T11:21:20Z" finished-at="2016-05-27T11:21:31Z">
          <reporter-output>
            <line>
              <![CDATA[Completed executing following method : LoginTest.loginTest]]>
            </line>
            <line>
              <![CDATA[Test Method resides in com.Astegic.TestCases.LoginTest]]>
            </line>
            <line>
              <![CDATA[Test Status: Pass]]>
            </line>
          </reporter-output>
        </test-method> <!-- loginTest -->
        <test-method status="PASS" signature="afterTest()[pri:0, instance:com.Astegic.TestCases.LoginTest@7a5d012c]" name="afterTest" is-config="true" duration-ms="743" started-at="2016-05-27T11:21:31Z" finished-at="2016-05-27T11:21:31Z">
          <reporter-output>
            <line>
              <![CDATA[Completed executing following method : LoginTest.afterTest]]>
            </line>
          </reporter-output>
        </test-method> <!-- afterTest -->
      </class> <!-- com.Astegic.TestCases.LoginTest -->
    </test> <!-- ChromeTest -->
  </suite> <!-- Suite -->
</testng-results>
